<?xml version="1.0" encoding="UTF-8"?>
<testng-results ignored="0" total="1" passed="1" failed="0" skipped="0">
  <reporter-output>
  </reporter-output>
  <suite started-at="2024-02-22T16:58:52 IST" name="Default suite" finished-at="2024-02-22T16:58:52 IST" duration-ms="46">
    <groups>
    </groups>
    <test started-at="2024-02-22T16:58:52 IST" name="Default test" finished-at="2024-02-22T16:58:52 IST" duration-ms="46">
      <class name="first_Examples.FirstTry">
        <test-method signature="login()[pri:0, instance:first_Examples.FirstTry@5be6e01c]" started-at="2024-02-22T16:58:52 IST" name="login" finished-at="2024-02-22T16:58:52 IST" duration-ms="12" status="PASS">
          <reporter-output>
          </reporter-output>
        </test-method> <!-- login -->
      </class> <!-- first_Examples.FirstTry -->
    </test> <!-- Default test -->
  </suite> <!-- Default suite -->
</testng-results>
